2024-03-28 11:58:10 [scrapy.utils.log] INFO: Scrapy 2.11.1 started (bot: scrapybot)
2024-03-28 11:58:10 [scrapy.utils.log] INFO: Versions: lxml 4.9.3.0, libxml2 2.10.4, cssselect 1.2.0, parsel 1.8.1, w3lib 2.1.2, Twisted 23.10.0, Python 3.11.7 | packaged by conda-forge | (main, Dec 23 2023, 14:27:59) [MSC v.1937 64 bit (AMD64)], pyOpenSSL 24.0.0 (OpenSSL 3.2.0 23 Nov 2023), cryptography 42.0.5, Platform Windows-10-10.0.22631-SP0
2024-03-28 11:58:10 [scrapy.addons] INFO: Enabled addons:
[]
2024-03-28 11:58:10 [py.warnings] WARNING: c:\Users\phili\anaconda3\envs\jedha\Lib\site-packages\scrapy\utils\request.py:254: ScrapyDeprecationWarning: '2.6' is a deprecated value for the 'REQUEST_FINGERPRINTER_IMPLEMENTATION' setting.

It is also the default value. In other words, it is normal to get this warning if you have not defined a value for the 'REQUEST_FINGERPRINTER_IMPLEMENTATION' setting. This is so for backward compatibility reasons, but it will change in a future version of Scrapy.

See the documentation of the 'REQUEST_FINGERPRINTER_IMPLEMENTATION' setting for information on how to handle this deprecation.
  return cls(crawler)

2024-03-28 11:58:10 [scrapy.extensions.telnet] INFO: Telnet Password: 1aa3df7a0db68ced
2024-03-28 11:58:10 [scrapy.middleware] INFO: Enabled extensions:
['scrapy.extensions.corestats.CoreStats',
 'scrapy.extensions.telnet.TelnetConsole',
 'scrapy.extensions.feedexport.FeedExporter',
 'scrapy.extensions.logstats.LogStats']
2024-03-28 11:58:10 [scrapy.crawler] INFO: Overridden settings:
{'LOG_FILE': 'C:\\Users\\phili\\OneDrive\\Documents\\Programmation\\Formations_JEDHA\\fullstack_mars_2024\\03_data_collection/scrapy.log',
 'LOG_LEVEL': 20,
 'USER_AGENT': 'Chrome/97.0'}
2024-03-28 11:58:10 [scrapy.middleware] INFO: Enabled downloader middlewares:
['scrapy.downloadermiddlewares.httpauth.HttpAuthMiddleware',
 'scrapy.downloadermiddlewares.downloadtimeout.DownloadTimeoutMiddleware',
 'scrapy.downloadermiddlewares.defaultheaders.DefaultHeadersMiddleware',
 'scrapy.downloadermiddlewares.useragent.UserAgentMiddleware',
 'scrapy.downloadermiddlewares.retry.RetryMiddleware',
 'scrapy.downloadermiddlewares.redirect.MetaRefreshMiddleware',
 'scrapy.downloadermiddlewares.httpcompression.HttpCompressionMiddleware',
 'scrapy.downloadermiddlewares.redirect.RedirectMiddleware',
 'scrapy.downloadermiddlewares.cookies.CookiesMiddleware',
 'scrapy.downloadermiddlewares.httpproxy.HttpProxyMiddleware',
 'scrapy.downloadermiddlewares.stats.DownloaderStats']
2024-03-28 11:58:10 [scrapy.middleware] INFO: Enabled spider middlewares:
['scrapy.spidermiddlewares.httperror.HttpErrorMiddleware',
 'scrapy.spidermiddlewares.offsite.OffsiteMiddleware',
 'scrapy.spidermiddlewares.referer.RefererMiddleware',
 'scrapy.spidermiddlewares.urllength.UrlLengthMiddleware',
 'scrapy.spidermiddlewares.depth.DepthMiddleware']
2024-03-28 11:58:10 [scrapy.middleware] INFO: Enabled item pipelines:
[]
2024-03-28 11:58:10 [scrapy.core.engine] INFO: Spider opened
2024-03-28 11:58:10 [scrapy.extensions.logstats] INFO: Crawled 0 pages (at 0 pages/min), scraped 0 items (at 0 items/min)
2024-03-28 11:58:10 [scrapy.extensions.telnet] INFO: Telnet console listening on 127.0.0.1:6023
2024-03-28 11:58:11 [scrapy.core.engine] INFO: Closing spider (finished)
2024-03-28 11:58:11 [scrapy.extensions.feedexport] INFO: Stored json feed (1 items) in: C:\Users\phili\OneDrive\Documents\Programmation\Formations_JEDHA\fullstack_mars_2024\03_data_collection/1_randomquote.json
2024-03-28 11:58:11 [scrapy.statscollectors] INFO: Dumping Scrapy stats:
{'downloader/request_bytes': 206,
 'downloader/request_count': 1,
 'downloader/request_method_count/GET': 1,
 'downloader/response_bytes': 787,
 'downloader/response_count': 1,
 'downloader/response_status_count/200': 1,
 'elapsed_time_seconds': 0.32998,
 'feedexport/success_count/FileFeedStorage': 1,
 'finish_reason': 'finished',
 'finish_time': datetime.datetime(2024, 3, 28, 10, 58, 11, 291089, tzinfo=datetime.timezone.utc),
 'httpcompression/response_bytes': 2091,
 'httpcompression/response_count': 1,
 'item_scraped_count': 1,
 'log_count/INFO': 11,
 'log_count/WARNING': 1,
 'response_received_count': 1,
 'scheduler/dequeued': 1,
 'scheduler/dequeued/memory': 1,
 'scheduler/enqueued': 1,
 'scheduler/enqueued/memory': 1,
 'start_time': datetime.datetime(2024, 3, 28, 10, 58, 10, 961109, tzinfo=datetime.timezone.utc)}
2024-03-28 11:58:11 [scrapy.core.engine] INFO: Spider closed (finished)
